TN:
SF:/home/aniket/dapps_dev/Module_2_Dapp/contracts/Assessment.sol
FN:18,constructor
FN:23,getBalance
FN:27,deposit
FN:35,withdraw
FN:44,isOwner
FN:48,transferOwnership
FN:57,lockTokens
FN:64,unlockTokens
FNF:8
FNH:0
FNDA:0,constructor
FNDA:0,getBalance
FNDA:0,deposit
FNDA:0,withdraw
FNDA:0,isOwner
FNDA:0,transferOwnership
FNDA:0,lockTokens
FNDA:0,unlockTokens
DA:19,0
DA:20,0
DA:24,0
DA:28,0
DA:29,0
DA:30,0
DA:36,0
DA:37,0
DA:38,0
DA:40,0
DA:41,0
DA:45,0
DA:50,0
DA:51,0
DA:52,0
DA:53,0
DA:54,0
DA:58,0
DA:59,0
DA:60,0
DA:61,0
DA:65,0
DA:66,0
DA:67,0
DA:68,0
LF:25
LH:0
BRDA:28,1,0,0
BRDA:28,1,1,0
BRDA:36,2,0,0
BRDA:36,2,1,0
BRDA:37,3,0,0
BRDA:37,3,1,0
BRDA:50,4,0,0
BRDA:50,4,1,0
BRDA:51,5,0,0
BRDA:51,5,1,0
BRDA:58,6,0,0
BRDA:58,6,1,0
BRDA:65,7,0,0
BRDA:65,7,1,0
BRF:14
BRH:0
end_of_record
